
2019-03-12 18:36:43...installerHook: Info: custom/install/install_hooks.php not present, no custom hooks to execute
2019-03-12 18:36:51...Begin System Check Process *************
2019-03-12 18:36:51...XML Parsing Support Found
2019-03-12 18:36:51...MBString Support Found
2019-03-12 18:36:51...ZIP Support Found
2019-03-12 18:36:51...ERROR:: The Custom Directory exists but is not writeable. You may have to change permissions on it (chmod 766) or right click on it and uncheck the read only option, depending on your Operating System. Please take the needed steps to make the file writeable.
2019-03-12 18:36:51...cache directory and subdirectory check passed
2019-03-12 18:36:51...ERROR:: Module directories and the files under them are not writeable.
2019-03-12 18:36:51...ERROR: Upload directory is not writable.
2019-03-12 18:36:51.../zip check passed
2019-03-12 18:36:51...PCRE version check passed
2019-03-12 18:36:51...installerHook: Info: custom/install/install_hooks.php not present, no custom hooks to execute
2019-03-12 18:36:51...php.ini location found. /etc/php/7.2/apache2/php.ini
2019-03-12 18:36:51...Outputting HTML for System check
2019-03-12 18:36:51...Errors were found *************
2019-03-12 18:37:06...Begin System Check Process *************
2019-03-12 18:37:06...XML Parsing Support Found
2019-03-12 18:37:06...MBString Support Found
2019-03-12 18:37:06...ZIP Support Found
2019-03-12 18:37:06...ERROR:: The Custom Directory exists but is not writeable. You may have to change permissions on it (chmod 766) or right click on it and uncheck the read only option, depending on your Operating System. Please take the needed steps to make the file writeable.
2019-03-12 18:37:06...cache directory and subdirectory check passed
2019-03-12 18:37:06...ERROR:: Module directories and the files under them are not writeable.
2019-03-12 18:37:06...ERROR: Upload directory is not writable.
2019-03-12 18:37:06.../zip check passed
2019-03-12 18:37:06...PCRE version check passed
2019-03-12 18:37:06...installerHook: Info: custom/install/install_hooks.php not present, no custom hooks to execute
2019-03-12 18:37:06...php.ini location found. /etc/php/7.2/apache2/php.ini
2019-03-12 18:37:06...Outputting HTML for System check
2019-03-12 18:37:06...Errors were found *************
2019-03-12 18:38:09...Begin System Check Process *************
2019-03-12 18:38:09...XML Parsing Support Found
2019-03-12 18:38:09...MBString Support Found
2019-03-12 18:38:09...ZIP Support Found
2019-03-12 18:38:09.../custom directory and subdirectory check passed
2019-03-12 18:38:09...cache directory and subdirectory check passed
2019-03-12 18:38:09.../module  directory and subdirectory check passed
2019-03-12 18:38:09.../upload directory check passed
2019-03-12 18:38:09.../zip check passed
2019-03-12 18:38:09...PCRE version check passed
2019-03-12 18:38:09...installerHook: Info: custom/install/install_hooks.php not present, no custom hooks to execute
2019-03-12 18:38:09...php.ini location found. /etc/php/7.2/apache2/php.ini
2019-03-12 18:38:09...Outputting HTML for System check
2019-03-12 18:38:09...No Errors were found *************
2019-03-12 18:38:09...installerHook: Info: custom/install/install_hooks.php not present, no custom hooks to execute
2019-03-12 18:38:26...installerHook: Info: custom/install/install_hooks.php not present, no custom hooks to execute
2019-03-12 18:41:54...Begin DB Check Process *************
2019-03-12 18:41:54...testing with mysql:mysqli
2019-03-12 18:41:54...Basic form info is valid, continuing Process.
2019-03-12 18:41:54...Testing user account...
2019-03-12 18:41:54...ERROR::  The provided database host, username, and/or password is invalid, and a connection to the database could not be established. Please enter a valid host, username and password
2019-03-12 18:41:54...FATAL:: errors have been detected!  User will not be allowed to continue.  Errors are as follow:
2019-03-12 18:41:54..... The provided database host, username, and/or password is invalid, and a connection to the database could not be established. Please enter a valid host, username and password
2019-03-12 18:41:54...End DB Check Process *************
2019-03-12 18:42:11...Begin DB Check Process *************
2019-03-12 18:42:11...testing with mysql:mysqli
2019-03-12 18:42:11...Basic form info is valid, continuing Process.
2019-03-12 18:42:11...Testing user account...
2019-03-12 18:42:11...ERROR::  The provided database host, username, and/or password is invalid, and a connection to the database could not be established. Please enter a valid host, username and password
2019-03-12 18:42:11...FATAL:: errors have been detected!  User will not be allowed to continue.  Errors are as follow:
2019-03-12 18:42:11..... The provided database host, username, and/or password is invalid, and a connection to the database could not be established. Please enter a valid host, username and password
2019-03-12 18:42:11...End DB Check Process *************
2019-03-12 18:43:02...Begin DB Check Process *************
2019-03-12 18:43:02...testing with mysql:mysqli
2019-03-12 18:43:02...Basic form info is valid, continuing Process.
2019-03-12 18:43:02...Testing user account...
2019-03-12 18:43:02...Connection made using  host: localhost, usr: suitecrmuser
2019-03-12 18:43:02...SUCCESS:: no errors detected!
2019-03-12 18:43:02...End DB Check Process *************
2019-03-12 18:43:02...installerHook: Info: custom/install/install_hooks.php not present, no custom hooks to execute
2019-03-12 18:43:02...calling handleSugarConfig()
2019-03-12 18:43:02...calling handleHtaccess()
2019-03-12 18:43:02...calling handleDbCreateDatabase()
2019-03-12 18:43:02...looping through all the Beans and create their tables
2019-03-12 18:43:02...processing table acl_actions
2019-03-12 18:43:02...creating table acl_actions
2019-03-12 18:43:02...creating Relationship Meta for ACLAction
2019-03-12 18:43:02...processing table acl_roles
2019-03-12 18:43:02...creating table acl_roles
2019-03-12 18:43:02...creating Relationship Meta for ACLRole
2019-03-12 18:43:02...processing table relationships
2019-03-12 18:43:02...creating table relationships
2019-03-12 18:43:02...creating Relationship Meta for Relationship
2019-03-12 18:43:02...processing table leads
2019-03-12 18:43:03...creating table leads
2019-03-12 18:43:03...creating Relationship Meta for Lead
2019-03-12 18:43:03...processing table cases
2019-03-12 18:43:03...creating table cases
2019-03-12 18:43:03...creating Relationship Meta for Case
2019-03-12 18:43:03...processing table bugs
2019-03-12 18:43:03...creating table bugs
2019-03-12 18:43:03...creating Relationship Meta for Bug
2019-03-12 18:43:03...processing table users
2019-03-12 18:43:03...creating table users
2019-03-12 18:43:03...creating Relationship Meta for User
2019-03-12 18:43:03...processing table campaign_log
2019-03-12 18:43:03...creating table campaign_log
2019-03-12 18:43:03...creating Relationship Meta for CampaignLog
2019-03-12 18:43:03...processing table project
2019-03-12 18:43:03...creating table project
2019-03-12 18:43:03...creating Relationship Meta for Project
2019-03-12 18:43:03...processing table project_task
2019-03-12 18:43:03...creating table project_task
2019-03-12 18:43:03...creating Relationship Meta for ProjectTask
2019-03-12 18:43:03...processing table campaigns
2019-03-12 18:43:03...creating table campaigns
2019-03-12 18:43:03...creating Relationship Meta for Campaign
2019-03-12 18:43:03...processing table prospect_lists
2019-03-12 18:43:04...creating table prospect_lists
2019-03-12 18:43:04...creating Relationship Meta for ProspectList
2019-03-12 18:43:04...processing table prospects
2019-03-12 18:43:04...creating table prospects
2019-03-12 18:43:04...creating Relationship Meta for Prospect
2019-03-12 18:43:04...processing table email_marketing
2019-03-12 18:43:04...creating table email_marketing
2019-03-12 18:43:04...creating Relationship Meta for EmailMarketing
2019-03-12 18:43:04...processing table campaign_trkrs
2019-03-12 18:43:04...creating table campaign_trkrs
2019-03-12 18:43:04...creating Relationship Meta for CampaignTracker
2019-03-12 18:43:04...processing table releases
2019-03-12 18:43:04...creating table releases
2019-03-12 18:43:04...creating Relationship Meta for Release
2019-03-12 18:43:04...processing table emailman
2019-03-12 18:43:04...creating table emailman
2019-03-12 18:43:04...creating Relationship Meta for EmailMan
2019-03-12 18:43:04...processing table schedulers
2019-03-12 18:43:04...creating table schedulers
2019-03-12 18:43:04...creating Relationship Meta for Scheduler
2019-03-12 18:43:04...processing table job_queue
2019-03-12 18:43:04...creating table job_queue
2019-03-12 18:43:04...creating Relationship Meta for SchedulersJob
2019-03-12 18:43:04...processing table contacts
2019-03-12 18:43:04...creating table contacts
2019-03-12 18:43:04...creating Relationship Meta for Contact
2019-03-12 18:43:04...processing table accounts
2019-03-12 18:43:04...creating table accounts
2019-03-12 18:43:04...creating Relationship Meta for Account
2019-03-12 18:43:04...processing table opportunities
2019-03-12 18:43:04...creating table opportunities
2019-03-12 18:43:04...creating Relationship Meta for Opportunity
2019-03-12 18:43:04...processing table email_templates
2019-03-12 18:43:04...creating table email_templates
2019-03-12 18:43:04...creating Relationship Meta for EmailTemplate
2019-03-12 18:43:04...processing table notes
2019-03-12 18:43:04...creating table notes
2019-03-12 18:43:04...creating Relationship Meta for Note
2019-03-12 18:43:04...processing table calls
2019-03-12 18:43:05...creating table calls
2019-03-12 18:43:05...creating Relationship Meta for Call
2019-03-12 18:43:05...processing table emails
2019-03-12 18:43:05...creating table emails
2019-03-12 18:43:05...creating Relationship Meta for Email
2019-03-12 18:43:05...processing table meetings
2019-03-12 18:43:05...creating table meetings
2019-03-12 18:43:05...creating Relationship Meta for Meeting
2019-03-12 18:43:05...processing table tasks
2019-03-12 18:43:05...creating table tasks
2019-03-12 18:43:05...creating Relationship Meta for Task
2019-03-12 18:43:05...processing table users
2019-03-12 18:43:05...processing table users
2019-03-12 18:43:05...processing table currencies
2019-03-12 18:43:05...creating table currencies
2019-03-12 18:43:05...creating Relationship Meta for Currency
2019-03-12 18:43:05...processing table tracker
2019-03-12 18:43:05...creating table tracker
2019-03-12 18:43:05...creating Relationship Meta for Tracker
2019-03-12 18:43:05...processing table import_maps
2019-03-12 18:43:05...creating table import_maps
2019-03-12 18:43:05...creating Relationship Meta for ImportMap
2019-03-12 18:43:05...processing table users_last_import
2019-03-12 18:43:05...creating table users_last_import
2019-03-12 18:43:05...creating Relationship Meta for UsersLastImport
2019-03-12 18:43:05...processing table config
2019-03-12 18:43:05...creating table config
2019-03-12 18:43:05...creating Relationship Meta for Administration
2019-03-12 18:43:05...processing table upgrade_history
2019-03-12 18:43:05...creating table upgrade_history
2019-03-12 18:43:05...creating Relationship Meta for UpgradeHistory
2019-03-12 18:43:05...processing table vcals
2019-03-12 18:43:05...creating table vcals
2019-03-12 18:43:05...creating Relationship Meta for vCal
2019-03-12 18:43:05...processing table alerts
2019-03-12 18:43:05...creating table alerts
2019-03-12 18:43:05...creating Relationship Meta for Alert
2019-03-12 18:43:05...processing table roles
2019-03-12 18:43:05...creating table roles
2019-03-12 18:43:05...creating Relationship Meta for Role
2019-03-12 18:43:05...processing table documents
2019-03-12 18:43:05...creating table documents
2019-03-12 18:43:05...creating Relationship Meta for Document
2019-03-12 18:43:05...processing table document_revisions
2019-03-12 18:43:05...creating table document_revisions
2019-03-12 18:43:05...creating Relationship Meta for DocumentRevision
2019-03-12 18:43:05...processing table fields_meta_data
2019-03-12 18:43:05...creating table fields_meta_data
2019-03-12 18:43:05...creating Relationship Meta for FieldsMetaData
2019-03-12 18:43:05...processing table inbound_email
2019-03-12 18:43:05...creating table inbound_email
2019-03-12 18:43:05...creating Relationship Meta for InboundEmail
2019-03-12 18:43:05...processing table saved_search
2019-03-12 18:43:05...creating table saved_search
2019-03-12 18:43:05...creating Relationship Meta for SavedSearch
2019-03-12 18:43:05...processing table user_preferences
2019-03-12 18:43:05...creating table user_preferences
2019-03-12 18:43:05...creating Relationship Meta for UserPreference
2019-03-12 18:43:05...processing table 
2019-03-12 18:43:05...processing table email_addresses
2019-03-12 18:43:05...creating table email_addresses
2019-03-12 18:43:05...creating Relationship Meta for EmailAddress
2019-03-12 18:43:05...processing table emails_text
2019-03-12 18:43:05...creating table emails_text
2019-03-12 18:43:05...creating Relationship Meta for EmailText
2019-03-12 18:43:05...processing table spots
2019-03-12 18:43:05...creating table spots
2019-03-12 18:43:05...creating Relationship Meta for Spots
2019-03-12 18:43:05...processing table aobh_businesshours
2019-03-12 18:43:05...creating table aobh_businesshours
2019-03-12 18:43:05...creating Relationship Meta for AOBH_BusinessHours
2019-03-12 18:43:05...processing table sugarfeed
2019-03-12 18:43:05...creating table sugarfeed
2019-03-12 18:43:05...creating Relationship Meta for SugarFeed
2019-03-12 18:43:06...processing table eapm
2019-03-12 18:43:06...creating table eapm
2019-03-12 18:43:06...creating Relationship Meta for EAPM
2019-03-12 18:43:06...processing table oauth_consumer
2019-03-12 18:43:06...creating table oauth_consumer
2019-03-12 18:43:06...creating Relationship Meta for OAuthKey
2019-03-12 18:43:06...processing table oauth_tokens
2019-03-12 18:43:06...creating table oauth_tokens
2019-03-12 18:43:06...creating Relationship Meta for OAuthToken
2019-03-12 18:43:06...processing table am_projecttemplates
2019-03-12 18:43:06...creating table am_projecttemplates
2019-03-12 18:43:06...creating Relationship Meta for AM_ProjectTemplates
2019-03-12 18:43:06...processing table am_tasktemplates
2019-03-12 18:43:06...creating table am_tasktemplates
2019-03-12 18:43:06...creating Relationship Meta for AM_TaskTemplates
2019-03-12 18:43:06...processing table favorites
2019-03-12 18:43:06...creating table favorites
2019-03-12 18:43:06...creating Relationship Meta for Favorites
2019-03-12 18:43:06...processing table aok_knowledge_base_categories
2019-03-12 18:43:06...creating table aok_knowledge_base_categories
2019-03-12 18:43:06...creating Relationship Meta for AOK_Knowledge_Base_Categories
2019-03-12 18:43:06...processing table aok_knowledgebase
2019-03-12 18:43:06...creating table aok_knowledgebase
2019-03-12 18:43:06...creating Relationship Meta for AOK_KnowledgeBase
2019-03-12 18:43:06...processing table reminders
2019-03-12 18:43:06...creating table reminders
2019-03-12 18:43:06...creating Relationship Meta for Reminder
2019-03-12 18:43:06...processing table reminders_invitees
2019-03-12 18:43:06...creating table reminders_invitees
2019-03-12 18:43:06...creating Relationship Meta for Reminder_Invitee
2019-03-12 18:43:06...processing table fp_events
2019-03-12 18:43:06...creating table fp_events
2019-03-12 18:43:06...creating Relationship Meta for FP_events
2019-03-12 18:43:06...processing table fp_event_locations
2019-03-12 18:43:06...creating table fp_event_locations
2019-03-12 18:43:06...creating Relationship Meta for FP_Event_Locations
2019-03-12 18:43:06...processing table aod_indexevent
2019-03-12 18:43:07...creating table aod_indexevent
2019-03-12 18:43:07...creating Relationship Meta for AOD_IndexEvent
2019-03-12 18:43:07...processing table aod_index
2019-03-12 18:43:07...creating table aod_index
2019-03-12 18:43:07...creating Relationship Meta for AOD_Index
2019-03-12 18:43:07...processing table aop_case_events
2019-03-12 18:43:07...creating table aop_case_events
2019-03-12 18:43:07...creating Relationship Meta for AOP_Case_Events
2019-03-12 18:43:07...processing table aop_case_updates
2019-03-12 18:43:07...creating table aop_case_updates
2019-03-12 18:43:07...creating Relationship Meta for AOP_Case_Updates
2019-03-12 18:43:07...processing table aor_reports
2019-03-12 18:43:07...creating table aor_reports
2019-03-12 18:43:07...creating Relationship Meta for AOR_Report
2019-03-12 18:43:07...processing table aor_fields
2019-03-12 18:43:07...creating table aor_fields
2019-03-12 18:43:07...creating Relationship Meta for AOR_Field
2019-03-12 18:43:07...processing table aor_charts
2019-03-12 18:43:07...creating table aor_charts
2019-03-12 18:43:07...creating Relationship Meta for AOR_Chart
2019-03-12 18:43:07...processing table aor_conditions
2019-03-12 18:43:07...creating table aor_conditions
2019-03-12 18:43:07...creating Relationship Meta for AOR_Condition
2019-03-12 18:43:07...processing table aor_scheduled_reports
2019-03-12 18:43:07...creating table aor_scheduled_reports
2019-03-12 18:43:07...creating Relationship Meta for AOR_Scheduled_Reports
2019-03-12 18:43:07...processing table aos_contracts
2019-03-12 18:43:07...creating table aos_contracts
2019-03-12 18:43:07...creating Relationship Meta for AOS_Contracts
2019-03-12 18:43:07...processing table aos_invoices
2019-03-12 18:43:07...creating table aos_invoices
2019-03-12 18:43:07...creating Relationship Meta for AOS_Invoices
2019-03-12 18:43:07...processing table aos_pdf_templates
2019-03-12 18:43:07...creating table aos_pdf_templates
2019-03-12 18:43:07...creating Relationship Meta for AOS_PDF_Templates
2019-03-12 18:43:07...processing table aos_product_categories
2019-03-12 18:43:08...creating table aos_product_categories
2019-03-12 18:43:08...creating Relationship Meta for AOS_Product_Categories
2019-03-12 18:43:08...processing table aos_products
2019-03-12 18:43:08...creating table aos_products
2019-03-12 18:43:08...creating Relationship Meta for AOS_Products
2019-03-12 18:43:08...processing table aos_products_quotes
2019-03-12 18:43:08...creating table aos_products_quotes
2019-03-12 18:43:08...creating Relationship Meta for AOS_Products_Quotes
2019-03-12 18:43:08...processing table aos_line_item_groups
2019-03-12 18:43:08...creating table aos_line_item_groups
2019-03-12 18:43:08...creating Relationship Meta for AOS_Line_Item_Groups
2019-03-12 18:43:08...processing table aos_quotes
2019-03-12 18:43:08...creating table aos_quotes
2019-03-12 18:43:08...creating Relationship Meta for AOS_Quotes
2019-03-12 18:43:08...processing table aow_actions
2019-03-12 18:43:08...creating table aow_actions
2019-03-12 18:43:08...creating Relationship Meta for AOW_Action
2019-03-12 18:43:08...processing table aow_workflow
2019-03-12 18:43:08...creating table aow_workflow
2019-03-12 18:43:08...creating Relationship Meta for AOW_WorkFlow
2019-03-12 18:43:08...processing table aow_processed
2019-03-12 18:43:08...creating table aow_processed
2019-03-12 18:43:08...creating Relationship Meta for AOW_Processed
2019-03-12 18:43:08...processing table aow_conditions
2019-03-12 18:43:08...creating table aow_conditions
2019-03-12 18:43:08...creating Relationship Meta for AOW_Condition
2019-03-12 18:43:08...processing table jjwg_maps
2019-03-12 18:43:08...creating table jjwg_maps
2019-03-12 18:43:08...creating Relationship Meta for jjwg_Maps
2019-03-12 18:43:08...processing table jjwg_markers
2019-03-12 18:43:08...creating table jjwg_markers
2019-03-12 18:43:08...creating Relationship Meta for jjwg_Markers
2019-03-12 18:43:08...processing table jjwg_areas
2019-03-12 18:43:08...creating table jjwg_areas
2019-03-12 18:43:08...creating Relationship Meta for jjwg_Areas
2019-03-12 18:43:08...processing table jjwg_address_cache
2019-03-12 18:43:09...creating table jjwg_address_cache
2019-03-12 18:43:09...creating Relationship Meta for jjwg_Address_Cache
2019-03-12 18:43:09...processing table calls_reschedule
2019-03-12 18:43:09...creating table calls_reschedule
2019-03-12 18:43:09...creating Relationship Meta for Calls_Reschedule
2019-03-12 18:43:09...processing table securitygroups
2019-03-12 18:43:09...creating table securitygroups
2019-03-12 18:43:09...creating Relationship Meta for SecurityGroup
2019-03-12 18:43:09...processing table outbound_email
2019-03-12 18:43:09...creating table outbound_email
2019-03-12 18:43:09...creating Relationship Meta for OutboundEmailAccounts
2019-03-12 18:43:09...processing table templatesectionline
2019-03-12 18:43:09...creating table templatesectionline
2019-03-12 18:43:09...creating Relationship Meta for TemplateSectionLine
2019-03-12 18:43:09...processing table oauth2tokens
2019-03-12 18:43:09...creating table oauth2tokens
2019-03-12 18:43:09...creating Relationship Meta for OAuth2Tokens
2019-03-12 18:43:09...processing table oauth2clients
2019-03-12 18:43:09...creating table oauth2clients
2019-03-12 18:43:09...creating Relationship Meta for OAuth2Clients
2019-03-12 18:43:09...processing table surveyresponses
2019-03-12 18:43:09...creating table surveyresponses
2019-03-12 18:43:09...creating Relationship Meta for SurveyResponses
2019-03-12 18:43:09...processing table surveys
2019-03-12 18:43:09...creating table surveys
2019-03-12 18:43:09...creating Relationship Meta for Surveys
2019-03-12 18:43:09...processing table surveyquestionresponses
2019-03-12 18:43:09...creating table surveyquestionresponses
2019-03-12 18:43:09...creating Relationship Meta for SurveyQuestionResponses
2019-03-12 18:43:09...processing table surveyquestions
2019-03-12 18:43:09...creating table surveyquestions
2019-03-12 18:43:09...creating Relationship Meta for SurveyQuestions
2019-03-12 18:43:09...processing table surveyquestionoptions
2019-03-12 18:43:09...creating table surveyquestionoptions
2019-03-12 18:43:09...creating Relationship Meta for SurveyQuestionOptions
2019-03-12 18:43:11...Begin creating Defaults
2019-03-12 18:43:11...insert defaults into config table
2019-03-12 18:43:11...Creating default users
2019-03-12 18:43:11...Creating default scheduler jobs
2019-03-12 18:43:11...Enable SugarFeeds
2019-03-12 18:43:11...Installation has completed *********
2019-03-12 18:43:14...populating the db with seed data
2019-03-12 18:43:14...Save configuration settings..
2019-03-12 18:43:14...save locale
2019-03-12 18:43:14...new Administration
2019-03-12 18:43:14...retrieveSettings
2019-03-12 18:43:14...AdminWizard OFF
2019-03-12 18:43:15...saveConfig
2019-03-12 18:43:15...new Configurator
2019-03-12 18:43:15...populateFromPost
2019-03-12 18:43:15...handleOverride
2019-03-12 18:43:15...addCronAllowedUser
2019-03-12 18:43:15...saveConfig
2019-03-12 18:43:15...new Currency
2019-03-12 18:43:15...retrieve
2019-03-12 18:43:15...DBG: save currency
2019-03-12 18:43:15...Save user settings..
2019-03-12 18:43:15...DBG: SugarThemeRegistry::getDefault
2019-03-12 18:43:26...installerHook: Info: custom/install/install_hooks.php not present, no custom hooks to execute